
  RooFitResult: minimized FCN value: -0.0193326, estimated distance to minimum: 1.24368e-08
                covariance matrix quality: Full matrix, but forced positive-definite
                Status : MINIMIZE=0 HESSE=0 

    Constant Parameter    Value     
  --------------------  ------------
            EW_norm_In    0.0000e+00
                JER_In    0.0000e+00
                JES_In    0.0000e+00
                 PU_In    0.0000e+00
         ST_tW_norm_In    0.0000e+00
             ScaleH_In    0.0000e+00
        TTJets_norm_In    0.0000e+00
  btagWeightCSVCFErr1_In    0.0000e+00
  btagWeightCSVCFErr2_In    0.0000e+00
  btagWeightCSVHFStats1_In    0.0000e+00
  btagWeightCSVHFStats2_In    0.0000e+00
    btagWeightCSVHF_In    0.0000e+00
  btagWeightCSVLFStats1_In    0.0000e+00
  btagWeightCSVLFStats2_In    0.0000e+00
    btagWeightCSVLF_In    0.0000e+00
          heavyFlav_In    0.0000e+00
         leptonSFEl_In    0.0000e+00
         leptonSFMu_In    0.0000e+00
               lumi_In    0.0000e+00
             lumiscale    9.7300e-01
        ttGenerator_In    0.0000e+00
          ttMEScale_In    0.0000e+00
        ttttMEScale_In    0.0000e+00
          tttt_norm_In    0.0000e+00

    Floating Parameter  InitialValue    FinalValue +/-  Error     GblCorr.
  --------------------  ------------  --------------------------  --------
               EW_norm    0.0000e+00    5.6652e-07 +/-  6.48e-01  <none>
                   JER    0.0000e+00   -5.1344e-05 +/-  2.93e+00  <none>
                   JES    0.0000e+00    2.0758e-05 +/-  7.87e-02  <none>
                    PU    0.0000e+00    1.7847e-07 +/-  6.17e-01  <none>
            ST_tW_norm    0.0000e+00    3.0331e-07 +/-  6.49e-01  <none>
                ScaleH    0.0000e+00    2.0741e-06 +/-  5.88e-01  <none>
           TTJets_norm    0.0000e+00   -5.9465e-06 +/-  1.92e-01  <none>
   btagWeightCSVCFErr1    0.0000e+00    6.0821e-06 +/-  1.27e-01  <none>
   btagWeightCSVCFErr2    0.0000e+00   -1.5285e-05 +/-  4.36e-01  <none>
       btagWeightCSVHF    0.0000e+00   -1.1280e-05 +/-  2.15e-01  <none>
  btagWeightCSVHFStats1    0.0000e+00   -3.5421e-06 +/-  2.01e-01  <none>
  btagWeightCSVHFStats2    0.0000e+00    4.2449e-06 +/-  2.83e-01  <none>
       btagWeightCSVLF    0.0000e+00   -5.3256e-06 +/-  2.15e-01  <none>
  btagWeightCSVLFStats1    0.0000e+00   -3.8978e-06 +/-  3.19e-01  <none>
  btagWeightCSVLFStats2    0.0000e+00   -1.9589e-06 +/-  4.67e-01  <none>
             heavyFlav    0.0000e+00    9.0759e-06 +/-  2.97e-02  <none>
            leptonSFEl    0.0000e+00   -1.8584e-06 +/-  3.29e-01  <none>
            leptonSFMu    0.0000e+00    8.4794e-07 +/-  5.22e-01  <none>
                  lumi    0.0000e+00   -4.9382e-07 +/-  3.21e-01  <none>
                     r    1.0000e+00    8.4791e-10 +/-  1.79e+01  <none>
           ttGenerator    0.0000e+00   -2.7060e-07 +/-  4.77e-02  <none>
             ttMEScale    0.0000e+00    9.8473e-06 +/-  5.81e-02  <none>
           ttttMEScale    0.0000e+00    3.2713e-08 +/-  6.49e-01  <none>
             tttt_norm    0.0000e+00    4.2731e-08 +/-  6.49e-01  <none>

Running Minos for POI 
Run Minos in  Real time 0:00:00, CP time 0.270

Running Minos for POI 
Run Minos in  Real time 0:00:01, CP time 1.330

Running Minos for POI 
Run Minos in  Real time 0:00:00, CP time 0.660

Running Minos for POI 
Run Minos in  Real time 0:00:00, CP time 0.550

Running Minos for POI 
Run Minos in  Real time 0:00:00, CP time 0.270

Running Minos for POI 
Run Minos in  Real time 0:00:00, CP time 1.000

Running Minos for POI 
Run Minos in  Real time 0:00:00, CP time 0.870

Running Minos for POI 
Run Minos in  Real time 0:00:00, CP time 0.750

Running Minos for POI 
Run Minos in  Real time 0:00:00, CP time 0.500

Running Minos for POI 
Run Minos in  Real time 0:00:00, CP time 0.590

Running Minos for POI 
Run Minos in  Real time 0:00:00, CP time 0.750

Running Minos for POI 
Run Minos in  Real time 0:00:00, CP time 0.600

Running Minos for POI 
Run Minos in  Real time 0:00:00, CP time 0.740

Running Minos for POI 
Run Minos in  Real time 0:00:00, CP time 0.520

Running Minos for POI 
Run Minos in  Real time 0:00:00, CP time 0.450

Running Minos for POI 
Run Minos in  Real time 0:00:00, CP time 0.770

Running Minos for POI 
Run Minos in  Real time 0:00:00, CP time 0.570

Running Minos for POI 
Run Minos in  Real time 0:00:00, CP time 0.290

Running Minos for POI 
Run Minos in  Real time 0:00:00, CP time 0.480

Running Minos for POI 
Run Minos in  Real time 0:00:01, CP time 1.640

Running Minos for POI 
Run Minos in  Real time 0:00:00, CP time 0.960

Running Minos for POI 
Run Minos in  Real time 0:00:00, CP time 0.230

Running Minos for POI 
Run Minos in  Real time 0:00:00, CP time 0.230

Running Minos for POI 
Run Minos in  Real time 0:00:00, CP time 0.630


  RooFitResult: minimized FCN value: -0.0193326, estimated distance to minimum: 1.24368e-08
                covariance matrix quality: Full matrix, but forced positive-definite
                Status : MINIMIZE=0 HESSE=0 

    Constant Parameter    Value     
  --------------------  ------------
            EW_norm_In    0.0000e+00
                JER_In    0.0000e+00
                JES_In    0.0000e+00
                 PU_In    0.0000e+00
         ST_tW_norm_In    0.0000e+00
             ScaleH_In    0.0000e+00
        TTJets_norm_In    0.0000e+00
  btagWeightCSVCFErr1_In    0.0000e+00
  btagWeightCSVCFErr2_In    0.0000e+00
  btagWeightCSVHFStats1_In    0.0000e+00
  btagWeightCSVHFStats2_In    0.0000e+00
    btagWeightCSVHF_In    0.0000e+00
  btagWeightCSVLFStats1_In    0.0000e+00
  btagWeightCSVLFStats2_In    0.0000e+00
    btagWeightCSVLF_In    0.0000e+00
          heavyFlav_In    0.0000e+00
         leptonSFEl_In    0.0000e+00
         leptonSFMu_In    0.0000e+00
               lumi_In    0.0000e+00
             lumiscale    9.7300e-01
        ttGenerator_In    0.0000e+00
          ttMEScale_In    0.0000e+00
        ttttMEScale_In    0.0000e+00
          tttt_norm_In    0.0000e+00

    Floating Parameter  InitialValue    FinalValue (+HiError,-LoError)    GblCorr.
  --------------------  ------------  ----------------------------------  --------
               EW_norm    0.0000e+00    5.6652e-07 (+9.93e-01,-9.93e-01)  <none>
                   JER    0.0000e+00   -5.1344e-05 (+2.40e-04,--0.00e+00)  <none>
                   JES    0.0000e+00    2.0758e-05 (+4.64e-01,-4.56e-01)  <none>
                    PU    0.0000e+00    1.7847e-07 (+8.98e-01,-8.87e-01)  <none>
            ST_tW_norm    0.0000e+00    3.0331e-07 (+9.94e-01,-9.94e-01)  <none>
                ScaleH    0.0000e+00    2.0741e-06 (+1.58e-01,-1.38e-01)  <none>
           TTJets_norm    0.0000e+00   -5.9465e-06 (+9.87e-01,-9.84e-01)  <none>
   btagWeightCSVCFErr1    0.0000e+00    6.0821e-06 (+4.81e-01,-4.36e-01)  <none>
   btagWeightCSVCFErr2    0.0000e+00   -1.5285e-05 (+8.48e-01,-8.27e-01)  <none>
       btagWeightCSVHF    0.0000e+00   -1.1280e-05 (+6.21e-01,-7.91e-01)  <none>
  btagWeightCSVHFStats1    0.0000e+00   -3.5421e-06 (+8.30e-01,-9.38e-01)  <none>
  btagWeightCSVHFStats2    0.0000e+00    4.2449e-06 (+9.39e-01,-8.38e-01)  <none>
       btagWeightCSVLF    0.0000e+00   -5.3256e-06 (+8.83e-01,-8.38e-01)  <none>
  btagWeightCSVLFStats1    0.0000e+00   -3.8978e-06 (+8.03e-01,-9.12e-01)  <none>
  btagWeightCSVLFStats2    0.0000e+00   -1.9589e-06 (+8.80e-01,-8.32e-01)  <none>
             heavyFlav    0.0000e+00    9.0759e-06 (+3.35e-01,-4.51e-01)  <none>
            leptonSFEl    0.0000e+00   -1.8584e-06 (+5.58e-01,-5.56e-01)  <none>
            leptonSFMu    0.0000e+00    8.4794e-07 (+9.57e-01,-9.57e-01)  <none>
                  lumi    0.0000e+00   -4.9382e-07 (+9.91e-01,-9.91e-01)  <none>
                     r    1.0000e+00    8.4791e-10 (+7.02e+00,-1.40e-06)  <none>
           ttGenerator    0.0000e+00   -2.7060e-07 (+1.79e-01,-1.50e-01)  <none>
             ttMEScale    0.0000e+00    9.8473e-06 (+8.56e-01,-4.48e-01)  <none>
           ttttMEScale    0.0000e+00    3.2713e-08 (+9.94e-01,-9.94e-01)  <none>
             tttt_norm    0.0000e+00    4.2731e-08 (+9.94e-01,-9.94e-01)  <none>

index 0, Name ch1_ttttel6nJets2nMtags/EW, val 45.8283
index 1, Name ch1_ttttel6nJets2nMtags/ST_tW, val 29.0061
index 2, Name ch1_ttttel6nJets3nMtags/EW, val 0.480565
index 3, Name ch1_ttttel6nJets3nMtags/ST_tW, val 5.20993
index 4, Name ch1_ttttel6nJets4nMtags/EW, val 0.0848456
index 5, Name ch1_ttttel6nJets4nMtags/ST_tW, val 0.317295
index 6, Name ch1_ttttel7nJets2nMtags/EW, val 9.40083
index 7, Name ch1_ttttel7nJets2nMtags/ST_tW, val 7.88072
index 8, Name ch1_ttttel7nJets3nMtags/EW, val 0.242082
index 9, Name ch1_ttttel7nJets3nMtags/ST_tW, val 1.56001
index 10, Name ch1_ttttel7nJets4nMtags/EW, val 0.0579908
index 11, Name ch1_ttttel7nJets4nMtags/ST_tW, val 0.23965
index 12, Name ch1_ttttel8nJets2nMtags/EW, val 2.01693
index 13, Name ch1_ttttel8nJets2nMtags/ST_tW, val 2.52406
index 14, Name ch1_ttttel8nJets3nMtags/ST_tW, val 0.487473
index 15, Name ch1_ttttel8nJets4nMtags/ST_tW, val 0.1081
index 16, Name ch1_ttttel9nJets2nMtags/EW, val 0.194795
index 17, Name ch1_ttttel9nJets2nMtags/ST_tW, val 0.573486
index 18, Name ch1_ttttel9nJets3nMtags/ST_tW, val 0.222817
index 19, Name ch1_ttttel9nJets4nMtags/ST_tW, val 0.0811482
index 20, Name ch2_ttttmu6nJets2nMtags/EW, val 48.3318
index 21, Name ch2_ttttmu6nJets2nMtags/ST_tW, val 39.7257
index 22, Name ch2_ttttmu6nJets3nMtags/EW, val 2.38716
index 23, Name ch2_ttttmu6nJets3nMtags/ST_tW, val 6.29755
index 24, Name ch2_ttttmu6nJets4nMtags/EW, val 0.0432985
index 25, Name ch2_ttttmu6nJets4nMtags/ST_tW, val 0.627585
index 26, Name ch2_ttttmu7nJets2nMtags/EW, val 25.3345
index 27, Name ch2_ttttmu7nJets2nMtags/ST_tW, val 10.6832
index 28, Name ch2_ttttmu7nJets3nMtags/EW, val 0.154123
index 29, Name ch2_ttttmu7nJets3nMtags/ST_tW, val 2.03844
index 30, Name ch2_ttttmu7nJets4nMtags/EW, val 0.0790076
index 31, Name ch2_ttttmu7nJets4nMtags/ST_tW, val 0.244807
index 32, Name ch2_ttttmu8nJets2nMtags/EW, val 0.410801
index 33, Name ch2_ttttmu8nJets2nMtags/ST_tW, val 3.51243
index 34, Name ch2_ttttmu8nJets3nMtags/ST_tW, val 0.617271
index 35, Name ch2_ttttmu8nJets4nMtags/ST_tW, val 0.0499149
index 36, Name ch2_ttttmu9nJets2nMtags/EW, val 1.92411
index 37, Name ch2_ttttmu9nJets2nMtags/ST_tW, val 0.871613
index 38, Name ch2_ttttmu9nJets3nMtags/ST_tW, val 0.201411
index 39, Name ch1_ttttel6nJets2nMtags/NP_overlay_ttttNLO, val 1.95707e-07
index 40, Name ch1_ttttel6nJets2nMtags/ttbarTTX, val 2053.73
index 41, Name ch1_ttttel6nJets3nMtags/NP_overlay_ttttNLO, val 1.0783e-07
index 42, Name ch1_ttttel6nJets3nMtags/ttbarTTX, val 342.003
index 43, Name ch1_ttttel6nJets4nMtags/NP_overlay_ttttNLO, val 2.76067e-08
index 44, Name ch1_ttttel6nJets4nMtags/ttbarTTX, val 31.1958
index 45, Name ch1_ttttel7nJets2nMtags/NP_overlay_ttttNLO, val 2.68141e-07
index 46, Name ch1_ttttel7nJets2nMtags/ttbarTTX, val 670.147
index 47, Name ch1_ttttel7nJets3nMtags/NP_overlay_ttttNLO, val 1.74251e-07
index 48, Name ch1_ttttel7nJets3nMtags/ttbarTTX, val 137.287
index 49, Name ch1_ttttel7nJets4nMtags/NP_overlay_ttttNLO, val 6.21835e-08
index 50, Name ch1_ttttel7nJets4nMtags/ttbarTTX, val 18.0367
index 51, Name ch1_ttttel8nJets2nMtags/NP_overlay_ttttNLO, val 2.65544e-07
index 52, Name ch1_ttttel8nJets2nMtags/ttbarTTX, val 192.083
index 53, Name ch1_ttttel8nJets3nMtags/NP_overlay_ttttNLO, val 2.05274e-07
index 54, Name ch1_ttttel8nJets3nMtags/ttbarTTX, val 46.1488
index 55, Name ch1_ttttel8nJets4nMtags/NP_overlay_ttttNLO, val 8.88336e-08
index 56, Name ch1_ttttel8nJets4nMtags/ttbarTTX, val 7.44131
index 57, Name ch1_ttttel9nJets2nMtags/NP_overlay_ttttNLO, val 3.58615e-07
index 58, Name ch1_ttttel9nJets2nMtags/ttbarTTX, val 75.1446
index 59, Name ch1_ttttel9nJets3nMtags/NP_overlay_ttttNLO, val 3.31008e-07
index 60, Name ch1_ttttel9nJets3nMtags/ttbarTTX, val 22.4216
index 61, Name ch1_ttttel9nJets4nMtags/NP_overlay_ttttNLO, val 1.89421e-07
index 62, Name ch1_ttttel9nJets4nMtags/ttbarTTX, val 5.04939
index 63, Name ch2_ttttmu6nJets2nMtags/NP_overlay_ttttNLO, val 2.6896e-07
index 64, Name ch2_ttttmu6nJets2nMtags/ttbarTTX, val 3001.57
index 65, Name ch2_ttttmu6nJets3nMtags/NP_overlay_ttttNLO, val 1.40904e-07
index 66, Name ch2_ttttmu6nJets3nMtags/ttbarTTX, val 497.578
index 67, Name ch2_ttttmu6nJets4nMtags/NP_overlay_ttttNLO, val 3.78567e-08
index 68, Name ch2_ttttmu6nJets4nMtags/ttbarTTX, val 46.3097
index 69, Name ch2_ttttmu7nJets2nMtags/NP_overlay_ttttNLO, val 3.88817e-07
index 70, Name ch2_ttttmu7nJets2nMtags/ttbarTTX, val 971.86
index 71, Name ch2_ttttmu7nJets3nMtags/NP_overlay_ttttNLO, val 2.62674e-07
index 72, Name ch2_ttttmu7nJets3nMtags/ttbarTTX, val 199.51
index 73, Name ch2_ttttmu7nJets4nMtags/NP_overlay_ttttNLO, val 8.92436e-08
index 74, Name ch2_ttttmu7nJets4nMtags/ttbarTTX, val 26.1052
index 75, Name ch2_ttttmu8nJets2nMtags/NP_overlay_ttttNLO, val 3.80208e-07
index 76, Name ch2_ttttmu8nJets2nMtags/ttbarTTX, val 274.587
index 77, Name ch2_ttttmu8nJets3nMtags/NP_overlay_ttttNLO, val 2.89871e-07
index 78, Name ch2_ttttmu8nJets3nMtags/ttbarTTX, val 66.8965
index 79, Name ch2_ttttmu8nJets4nMtags/NP_overlay_ttttNLO, val 1.25187e-07
index 80, Name ch2_ttttmu8nJets4nMtags/ttbarTTX, val 10.9668
index 81, Name ch2_ttttmu9nJets2nMtags/NP_overlay_ttttNLO, val 5.34232e-07
index 82, Name ch2_ttttmu9nJets2nMtags/ttbarTTX, val 108.232
index 83, Name ch2_ttttmu9nJets3nMtags/NP_overlay_ttttNLO, val 4.65489e-07
index 84, Name ch2_ttttmu9nJets3nMtags/ttbarTTX, val 31.3632
index 85, Name ch2_ttttmu9nJets4nMtags/NP_overlay_ttttNLO, val 2.66501e-07
index 86, Name ch2_ttttmu9nJets4nMtags/ttbarTTX, val 6.54324

 --- MaxLikelihoodFit ---
Best fit r: 8.47908e-10  -8.47908e-10/+7.02396  (68% CL)
nll S+B -> 2.8158e-09  nll B -> 0
Done in 0.48 min (cpu), 0.49 min (real)
